<?xml version="1.0" encoding="UTF-8"?>
<TestRun id="e68a810b-5452-4546-aeed-0bcc09165e07" name="chenyi@CHENYI-PC 2012-07-14 20:50:19" runUser="chenyi-PC\chenyi" xmlns="http://microsoft.com/schemas/VisualStudio/TeamTest/2010">
  <TestSettings name="Local" id="24a218ba-b71c-4679-9d77-225e9c8ddc8e">
    <Description>These are default test settings for a local test run.</Description>
    <Deployment enabled="false" runDeploymentRoot="chenyi_CHENYI-PC 2012-07-14 20_50_19">
      <DeploymentItem filename="C:\Users\chenyi\Desktop\ControlApp\EnerefsysDAL\bin\Debug\EnerefsysDAL.dll" />
      <DeploymentItem filename="C:\Users\chenyi\Desktop\ControlApp\BLL\bin\Debug\BLL.dll" />
      <DeploymentItem filename="C:\Users\chenyi\Desktop\ControlApp\DataContext\bin\Debug\DataContext.dll" />
    </Deployment>
    <Execution>
      <TestTypeSpecific />
      <AgentRule name="Execution Agents">
      </AgentRule>
    </Execution>
  </TestSettings>
  <Times creation="2012-07-14T20:50:19.1750600+08:00" queuing="2012-07-14T20:50:22.2242344+08:00" start="2012-07-14T20:50:22.4232458+08:00" finish="2012-07-14T20:50:25.4404183+08:00" />
  <ResultSummary outcome="Completed">
    <Counters total="1" executed="1" passed="1" error="0" failed="0" timeout="0" aborted="0" inconclusive="0" passedButRunAborted="0" notRunnable="0" notExecuted="0" disconnected="0" warning="0" completed="0" inProgress="0" pending="0" />
  </ResultSummary>
  <TestDefinitions>
    <UnitTest name="TestMethod1" storage="c:\users\chenyi\desktop\controlapp\testproject1\bin\debug\testproject1.dll" id="59863143-3238-122e-4d8a-637b491cc755">
      <Execution id="d5523ead-c29a-46de-8d68-ec0049521d10" />
      <TestMethod codeBase="C:/Users/chenyi/Desktop/ControlApp/TestProject1/bin/Debug/TestProject1.DLL" adapterTypeName="Microsoft.VisualStudio.TestTools.TestTypes.Unit.UnitTestAdapter, Microsoft.VisualStudio.QualityTools.Tips.UnitTest.Adapter, Version=10.0.0.0, Culture=neutral, PublicKeyToken=b03f5f7f11d50a3a" className="TestProject1.UnitTest1, TestProject1, Version=1.0.0.0, Culture=neutral, PublicKeyToken=null" name="TestMethod1" />
    </UnitTest>
  </TestDefinitions>
  <TestLists>
    <TestList name="Results Not in a List" id="8c84fa94-04c1-424b-9868-57a2d4851a1d" />
    <TestList name="All Loaded Results" id="19431567-8539-422a-85d7-44ee4e166bda" />
  </TestLists>
  <TestEntries>
    <TestEntry testId="59863143-3238-122e-4d8a-637b491cc755" executionId="d5523ead-c29a-46de-8d68-ec0049521d10" testListId="8c84fa94-04c1-424b-9868-57a2d4851a1d" />
  </TestEntries>
  <Results>
    <UnitTestResult executionId="d5523ead-c29a-46de-8d68-ec0049521d10" testId="59863143-3238-122e-4d8a-637b491cc755" testName="TestMethod1" computerName="CHENYI-PC" duration="00:00:02.3324599" startTime="2012-07-14T20:50:22.5262516+08:00" endTime="2012-07-14T20:50:25.4094165+08:00" testType="13cdc9d9-ddb5-4fa4-a97d-d965ccfc6d4b" outcome="Passed" testListId="8c84fa94-04c1-424b-9868-57a2d4851a1d" relativeResultsDirectory="d5523ead-c29a-46de-8d68-ec0049521d10">
    </UnitTestResult>
  </Results>
</TestRun>