<?xml version="1.0" encoding="UTF-8"?>
<TestRun id="78c8a3f4-63f9-4eb1-b4e1-5c193a6f9251" name="GREEN@GREEN-PC 2012-07-14 09:45:05" runUser="GREEN-PC\GREEN" xmlns="http://microsoft.com/schemas/VisualStudio/TeamTest/2010">
  <TestSettings name="Local" id="24a218ba-b71c-4679-9d77-225e9c8ddc8e">
    <Description>These are default test settings for a local test run.</Description>
    <Deployment enabled="false" runDeploymentRoot="GREEN_GREEN-PC 2012-07-14 09_45_05">
      <DeploymentItem filename="C:\Users\GREEN\Documents\Visual Studio 2010\Projects\ControlApp\EnerefsysDAL\bin\Debug\EnerefsysDAL.dll" />
      <DeploymentItem filename="C:\Users\GREEN\Documents\Visual Studio 2010\Projects\ControlApp\DataContext\bin\Debug\DataContext.dll" />
      <DeploymentItem filename="C:\Users\GREEN\Documents\Visual Studio 2010\Projects\ControlApp\BLL\bin\Debug\BLL.dll" />
    </Deployment>
    <Execution>
      <TestTypeSpecific />
      <AgentRule name="Execution Agents">
      </AgentRule>
    </Execution>
  </TestSettings>
  <Times creation="2012-07-14T09:45:05.1262260+08:00" queuing="2012-07-14T09:45:09.0304493+08:00" start="2012-07-14T09:45:09.2794635+08:00" finish="2012-07-14T09:47:51.4487391+08:00" />
  <ResultSummary outcome="Error">
    <Counters total="1" executed="1" error="0" failed="0" timeout="0" aborted="1" inconclusive="0" passedButRunAborted="0" notRunnable="0" notExecuted="0" disconnected="0" warning="0" passed="0" completed="0" inProgress="0" pending="0" />
    <RunInfos>
      <RunInfo computerName="GREEN-PC" outcome="Error" timestamp="2012-07-14T09:47:51.4357383+08:00">
        <Text>Test host process exited unexpectedly.</Text>
      </RunInfo>
    </RunInfos>
  </ResultSummary>
  <TestDefinitions>
    <UnitTest name="TestMethod1" storage="c:\users\green\documents\visual studio 2010\projects\controlapp\testproject1\bin\debug\testproject1.dll" id="59863143-3238-122e-4d8a-637b491cc755">
      <Execution id="7f1de93d-e853-429a-b51e-e7e38dbc6c4d" />
      <TestMethod codeBase="C:/Users/GREEN/Documents/Visual Studio 2010/Projects/ControlApp/TestProject1/bin/Debug/TestProject1.DLL" adapterTypeName="Microsoft.VisualStudio.TestTools.TestTypes.Unit.UnitTestAdapter, Microsoft.VisualStudio.QualityTools.Tips.UnitTest.Adapter, Version=10.0.0.0, Culture=neutral, PublicKeyToken=b03f5f7f11d50a3a" className="TestProject1.UnitTest1, TestProject1, Version=1.0.0.0, Culture=neutral, PublicKeyToken=null" name="TestMethod1" />
    </UnitTest>
  </TestDefinitions>
  <TestLists>
    <TestList name="Results Not in a List" id="8c84fa94-04c1-424b-9868-57a2d4851a1d" />
    <TestList name="All Loaded Results" id="19431567-8539-422a-85d7-44ee4e166bda" />
  </TestLists>
  <TestEntries>
    <TestEntry testId="59863143-3238-122e-4d8a-637b491cc755" executionId="7f1de93d-e853-429a-b51e-e7e38dbc6c4d" testListId="8c84fa94-04c1-424b-9868-57a2d4851a1d" />
  </TestEntries>
  <Results>
    <UnitTestResult executionId="7f1de93d-e853-429a-b51e-e7e38dbc6c4d" testId="59863143-3238-122e-4d8a-637b491cc755" testName="TestMethod1" computerName="GREEN-PC" duration="00:02:41.9402625" startTime="2012-07-14T09:45:09.5084766+08:00" endTime="2012-07-14T09:47:51.4487391+08:00" testType="13cdc9d9-ddb5-4fa4-a97d-d965ccfc6d4b" outcome="Aborted" testListId="8c84fa94-04c1-424b-9868-57a2d4851a1d" relativeResultsDirectory="7f1de93d-e853-429a-b51e-e7e38dbc6c4d">
    </UnitTestResult>
  </Results>
</TestRun>