<?xml version="1.0" encoding="UTF-8"?>
<TestRun id="6e501fb5-b78b-436e-8baa-e210fd1ab383" name="GREEN@GREEN-PC 2012-07-14 10:52:37" runUser="GREEN-PC\GREEN" xmlns="http://microsoft.com/schemas/VisualStudio/TeamTest/2010">
  <TestSettings name="Local" id="24a218ba-b71c-4679-9d77-225e9c8ddc8e">
    <Description>These are default test settings for a local test run.</Description>
    <Deployment enabled="false" runDeploymentRoot="GREEN_GREEN-PC 2012-07-14 10_52_37">
      <DeploymentItem filename="C:\Users\GREEN\Documents\Visual Studio 2010\Projects\ControlApp\EnerefsysDAL\bin\Debug\EnerefsysDAL.dll" />
      <DeploymentItem filename="C:\Users\GREEN\Documents\Visual Studio 2010\Projects\ControlApp\DataContext\bin\Debug\DataContext.dll" />
      <DeploymentItem filename="C:\Users\GREEN\Documents\Visual Studio 2010\Projects\ControlApp\BLL\bin\Debug\BLL.dll" />
    </Deployment>
    <Execution>
      <TestTypeSpecific />
      <AgentRule name="Execution Agents">
      </AgentRule>
    </Execution>
  </TestSettings>
  <Times creation="2012-07-14T10:52:37.6570175+08:00" queuing="2012-07-14T10:52:41.7422511+08:00" start="2012-07-14T10:52:42.1192727+08:00" finish="2012-07-14T10:53:06.8686883+08:00" />
  <ResultSummary outcome="Completed">
    <Counters total="1" executed="1" passed="1" error="0" failed="0" timeout="0" aborted="0" inconclusive="0" passedButRunAborted="0" notRunnable="0" notExecuted="0" disconnected="0" warning="0" completed="0" inProgress="0" pending="0" />
  </ResultSummary>
  <TestDefinitions>
    <UnitTest name="TestMethod1" storage="c:\users\green\documents\visual studio 2010\projects\controlapp\testproject1\bin\debug\testproject1.dll" id="59863143-3238-122e-4d8a-637b491cc755">
      <Execution id="01341683-997c-4c18-9af2-415af441e4c5" />
      <TestMethod codeBase="C:/Users/GREEN/Documents/Visual Studio 2010/Projects/ControlApp/TestProject1/bin/Debug/TestProject1.DLL" adapterTypeName="Microsoft.VisualStudio.TestTools.TestTypes.Unit.UnitTestAdapter, Microsoft.VisualStudio.QualityTools.Tips.UnitTest.Adapter, Version=10.0.0.0, Culture=neutral, PublicKeyToken=b03f5f7f11d50a3a" className="TestProject1.UnitTest1, TestProject1, Version=1.0.0.0, Culture=neutral, PublicKeyToken=null" name="TestMethod1" />
    </UnitTest>
  </TestDefinitions>
  <TestLists>
    <TestList name="Results Not in a List" id="8c84fa94-04c1-424b-9868-57a2d4851a1d" />
    <TestList name="All Loaded Results" id="19431567-8539-422a-85d7-44ee4e166bda" />
  </TestLists>
  <TestEntries>
    <TestEntry testId="59863143-3238-122e-4d8a-637b491cc755" executionId="01341683-997c-4c18-9af2-415af441e4c5" testListId="8c84fa94-04c1-424b-9868-57a2d4851a1d" />
  </TestEntries>
  <Results>
    <UnitTestResult executionId="01341683-997c-4c18-9af2-415af441e4c5" testId="59863143-3238-122e-4d8a-637b491cc755" testName="TestMethod1" computerName="GREEN-PC" duration="00:00:20.7066275" startTime="2012-07-14T10:52:42.3872880+08:00" endTime="2012-07-14T10:53:05.2045931+08:00" testType="13cdc9d9-ddb5-4fa4-a97d-d965ccfc6d4b" outcome="Passed" testListId="8c84fa94-04c1-424b-9868-57a2d4851a1d" relativeResultsDirectory="01341683-997c-4c18-9af2-415af441e4c5">
    </UnitTestResult>
  </Results>
</TestRun>