<?xml version="1.0" encoding="UTF-8"?>
<TestRun id="e60b5f23-bd2b-4698-8b33-f0a06cbbec66" name="GREEN@GREEN-PC 2012-07-12 22:46:15" runUser="GREEN-PC\GREEN" xmlns="http://microsoft.com/schemas/VisualStudio/TeamTest/2010">
  <TestSettings name="Local" id="24a218ba-b71c-4679-9d77-225e9c8ddc8e">
    <Description>These are default test settings for a local test run.</Description>
    <Deployment enabled="false" runDeploymentRoot="GREEN_GREEN-PC 2012-07-12 22_46_15">
      <DeploymentItem filename="C:\Users\GREEN\Documents\Visual Studio 2010\Projects\ControlApp\EnerefsysDAL\bin\Debug\EnerefsysDAL.dll" />
      <DeploymentItem filename="C:\Users\GREEN\Documents\Visual Studio 2010\Projects\ControlApp\DataContext\bin\Debug\DataContext.dll" />
      <DeploymentItem filename="C:\Users\GREEN\Documents\Visual Studio 2010\Projects\ControlApp\BLL\bin\Debug\BLL.dll" />
    </Deployment>
    <Execution>
      <TestTypeSpecific />
      <AgentRule name="Execution Agents">
      </AgentRule>
    </Execution>
  </TestSettings>
  <Times creation="2012-07-12T22:46:15.5654174+08:00" queuing="2012-07-12T22:46:18.3345758+08:00" start="2012-07-12T22:46:18.6475937+08:00" finish="2012-07-12T22:46:34.9645270+08:00" />
  <ResultSummary outcome="Failed">
    <Counters total="1" executed="1" error="0" failed="1" timeout="0" aborted="0" inconclusive="0" passedButRunAborted="0" notRunnable="0" notExecuted="0" disconnected="0" warning="0" passed="0" completed="0" inProgress="0" pending="0" />
  </ResultSummary>
  <TestDefinitions>
    <UnitTest name="TestMethod1" storage="c:\users\green\documents\visual studio 2010\projects\controlapp\testproject1\bin\debug\testproject1.dll" id="59863143-3238-122e-4d8a-637b491cc755">
      <Execution id="031c27d0-3d21-40e7-b6f8-1f6a0b12e965" />
      <TestMethod codeBase="C:/Users/GREEN/Documents/Visual Studio 2010/Projects/ControlApp/TestProject1/bin/Debug/TestProject1.DLL" adapterTypeName="Microsoft.VisualStudio.TestTools.TestTypes.Unit.UnitTestAdapter, Microsoft.VisualStudio.QualityTools.Tips.UnitTest.Adapter, Version=10.0.0.0, Culture=neutral, PublicKeyToken=b03f5f7f11d50a3a" className="TestProject1.UnitTest1, TestProject1, Version=1.0.0.0, Culture=neutral, PublicKeyToken=null" name="TestMethod1" />
    </UnitTest>
  </TestDefinitions>
  <TestLists>
    <TestList name="Results Not in a List" id="8c84fa94-04c1-424b-9868-57a2d4851a1d" />
    <TestList name="All Loaded Results" id="19431567-8539-422a-85d7-44ee4e166bda" />
  </TestLists>
  <TestEntries>
    <TestEntry testId="59863143-3238-122e-4d8a-637b491cc755" executionId="031c27d0-3d21-40e7-b6f8-1f6a0b12e965" testListId="8c84fa94-04c1-424b-9868-57a2d4851a1d" />
  </TestEntries>
  <Results>
    <UnitTestResult executionId="031c27d0-3d21-40e7-b6f8-1f6a0b12e965" testId="59863143-3238-122e-4d8a-637b491cc755" testName="TestMethod1" computerName="GREEN-PC" duration="00:00:13.3178739" startTime="2012-07-12T22:46:18.8656062+08:00" endTime="2012-07-12T22:46:34.8465202+08:00" testType="13cdc9d9-ddb5-4fa4-a97d-d965ccfc6d4b" outcome="Failed" testListId="8c84fa94-04c1-424b-9868-57a2d4851a1d" relativeResultsDirectory="031c27d0-3d21-40e7-b6f8-1f6a0b12e965">
      <Output>
        <ErrorInfo>
          <Message>Test method TestProject1.UnitTest1.TestMethod1 threw exception: 
System.ArgumentException: The specified named connection is either not found in the configuration, not intended to be used with the EntityClient provider, or not valid.</Message>
          <StackTrace>    at System.Data.EntityClient.EntityConnection.ChangeConnectionString(String newConnectionString)
   at System.Data.EntityClient.EntityConnection..ctor(String connectionString)
   at System.Data.Objects.ObjectContext.CreateEntityConnection(String connectionString)
   at System.Data.Objects.ObjectContext..ctor(String connectionString, String defaultContainerName)
   at EnerefsysDAL.EnerefsysEntities..ctor() in C:\Users\GREEN\Documents\Visual Studio 2010\Projects\ControlApp\EnerefsysDAL\EnerefsysModel.Designer.cs:line 34
   at EnerefsysDAL.ElectronicData.GetAllElectroinc() in C:\Users\GREEN\Documents\Visual Studio 2010\Projects\ControlApp\EnerefsysDAL\ElectronicData.cs:line 99
   at TestProject1.UnitTest1.TestMethod1() in C:\Users\GREEN\Documents\Visual Studio 2010\Projects\ControlApp\TestProject1\UnitTest1.cs:line 78
</StackTrace>
        </ErrorInfo>
      </Output>
    </UnitTestResult>
  </Results>
</TestRun>